[2020-12-11T18:50:34.980] [DEBUG] default - User signs in successfully
[2020-12-11T18:50:36.180] [DEBUG] default - Click on New Post Link is successful!
[2020-12-11T18:50:37.046] [DEBUG] default - Article title : Article Check1607709031
[2020-12-11T18:50:37.047] [DEBUG] default - Article about : Storing test data
[2020-12-11T18:50:37.047] [DEBUG] default - Article content : This is a sample content
[2020-12-11T18:50:37.047] [DEBUG] default - Article tags : Demoo
[2020-12-11T18:50:37.047] [DEBUG] default - Article details are filled successful!
[2020-12-11T18:50:37.220] [DEBUG] default - Article published successfully!
[2020-12-11T18:50:38.870] [DEBUG] default - Home link is clicked
[2020-12-11T18:50:39.262] [DEBUG] default - Click on Global feed is successful!
[2020-12-11T18:50:39.267] [DEBUG] default - Article title Article Check1607709031
[2020-12-11T18:50:39.559] [DEBUG] default - 1 : testuserfollow
December 11, 2020
0
Article Check1607708130
Storing test data
Read more...
Demoo
[2020-12-11T18:50:39.592] [DEBUG] default - Created article index : 0
[2020-12-11T18:50:39.593] [DEBUG] default - 0 : testuserfollow
December 11, 2020
0
Article Check1607709031
Storing test data
Read more...
Demoo
[2020-12-11T18:50:39.628] [DEBUG] default - 2 : testuserfollow
December 11, 2020
0
Article Check1607708004
Storing test data
Read more...
Demoo
[2020-12-11T18:50:39.647] [DEBUG] default - 3 : testuserfollow
December 11, 2020
0
Article Check1607707838
Storing test data
Read more...
Demoo
[2020-12-11T18:50:39.663] [DEBUG] default - 9 : testuserfollow
December 11, 2020
0
Article Check1607703461
Storing test data
Read more...
Demoo
[2020-12-11T18:50:39.680] [DEBUG] default - 4 : testuserfollow
December 11, 2020
0
Article Check1607707721
Storing test data
Read more...
Demoo
[2020-12-11T18:50:39.698] [DEBUG] default - 6 : prasadbhogi
December 11, 2020
0
Software Testing Life Cycle
Plays major role in Software Testing
Read more...
Automation_Testing
[2020-12-11T18:50:39.715] [DEBUG] default - 8 : testuserfollow
December 11, 2020
0
Article Check1607703722
Storing test data
Read more...
Demoo
[2020-12-11T18:50:39.734] [DEBUG] default - 5 : prasadbhogi
December 11, 2020
1
Software Testing Life Cycle
Plays major role in Software Testing
Read more...
Automation_Testing
[2020-12-11T18:50:39.750] [DEBUG] default - 7 : accb
December 11, 2020
1
btest
test
Read more...
life
[2020-12-11T18:50:39.788] [DEBUG] default - before checktestuserfollow
December 11, 2020
0
Article Check1607709031
Storing test data
Read more...
Demoo
[2020-12-11T18:50:40.888] [DEBUG] default - Navigation to user profile is successful!
[2020-12-11T18:50:41.236] [DEBUG] default - First available article is clicked
[2020-12-11T18:50:41.644] [DEBUG] default - Edit Article button is clicked
[2020-12-11T18:50:41.867] [DEBUG] default - Article details updated successfully
[2020-12-11T18:50:42.058] [DEBUG] default - Article published successfully!
[2020-12-11T18:50:42.456] [DEBUG] default - Actual : [object Object] Expected : This is a sample content1607709031
[2020-12-11T18:50:42.846] [DEBUG] default - Navigation to user profile is successful!
[2020-12-11T18:50:43.023] [DEBUG] default - First available article is clicked
[2020-12-11T18:50:43.398] [DEBUG] default - Delete Article button is clicked
[2020-12-11T18:50:44.290] [DEBUG] default - Navigation to user profile is successful!
[2020-12-11T18:50:44.292] [DEBUG] default - Article title Article Check1607709031
[2020-12-11T18:50:44.492] [DEBUG] default - 4 : testuserfollow
December 11, 2020
0
Article Check1607703722
Storing test data
Read more...
Demoo
[2020-12-11T18:50:44.511] [DEBUG] default - 2 : testuserfollow
December 11, 2020
0
Article Check1607707838
Storing test data
Read more...
Demoo
[2020-12-11T18:50:44.530] [DEBUG] default - 6 : testuserfollow
December 11, 2020
0
Article Check1607703215
Storing test data
Read more...
Demoo
[2020-12-11T18:50:44.547] [DEBUG] default - 0 : testuserfollow
December 11, 2020
0
Article Check1607708130
Storing test data
Read more...
Demoo
[2020-12-11T18:50:44.570] [DEBUG] default - 8 : testuserfollow
December 11, 2020
0
Article Check1607702613
Storing test data
Read more...
Demoo
[2020-12-11T18:50:44.591] [DEBUG] default - 9 : testuserfollow
December 11, 2020
0
Article Check1607702322
Storing test data
Read more...
Demoo
[2020-12-11T18:50:44.608] [DEBUG] default - 5 : testuserfollow
December 11, 2020
0
Article Check1607703461
Storing test data
Read more...
Demoo
[2020-12-11T18:50:44.624] [DEBUG] default - 1 : testuserfollow
December 11, 2020
0
Article Check1607708004
Storing test data
Read more...
Demoo
[2020-12-11T18:50:44.641] [DEBUG] default - 3 : testuserfollow
December 11, 2020
0
Article Check1607707721
Storing test data
Read more...
Demoo
[2020-12-11T18:50:44.657] [DEBUG] default - 7 : testuserfollow
December 11, 2020
0
Article Check1607702760
Storing test data
Read more...
Demoo
